Using pre-set license
Built from '2020.3/staging' branch; Version is '2020.3.20f1 (41c4e627c95f) revision 4310246'; Using compiler version '192528614'; Build Type 'Release'
OS: 'Windows 10 Home; OS build 19042.1348; Version 2009; 64bit' Language: 'en' Physical Memory: 16251 MB
BatchMode: 1, IsHumanControllingUs: 0, StartBugReporterOnCrash: 0, Is64bit: 1, IsPro: 0

COMMAND LINE ARGUMENTS:
C:\Program Files\Unity\Hub\Editor\2020.3.20f1\Editor\Unity.exe
-adb2
-batchMode
-noUpm
-name
AssetImportWorker0
-projectPath
C:/Users/celes/OneDrive/Desktop/ITD/ITD 2359Studios ASG2
-logFile
Logs/AssetImportWorker0.log
-srvPort
61640
Successfully changed project path to: C:/Users/celes/OneDrive/Desktop/ITD/ITD 2359Studios ASG2
C:/Users/celes/OneDrive/Desktop/ITD/ITD 2359Studios ASG2
Using Asset Import Pipeline V2.
Refreshing native plugins compatible for Editor in 74.37 ms, found 16 plugins.
Preloading 1 native plugins for Editor in 1.36 ms.
Initialize engine version: 2020.3.20f1 (41c4e627c95f)
[Subsystems] Discovering subsystems at path C:/Program Files/Unity/Hub/Editor/2020.3.20f1/Editor/Data/Resources/UnitySubsystems
[Subsystems] Discovering subsystems at path C:/Users/celes/OneDrive/Desktop/ITD/ITD 2359Studios ASG2/Assets
GfxDevice: creating device client; threaded=0
Direct3D:
    Version:  Direct3D 11.0 [level 11.1]
    Renderer: NVIDIA GeForce RTX 2060 (ID=0x1f15)
    Vendor:   
    VRAM:     5980 MB
    Driver:   27.21.14.6589
Initialize mono
Mono path[0] = 'C:/Program Files/Unity/Hub/Editor/2020.3.20f1/Editor/Data/Managed'
Mono path[1] = 'C:/Program Files/Unity/Hub/Editor/2020.3.20f1/Editor/Data/MonoBleedingEdge/lib/mono/unityjit'
Mono config path = 'C:/Program Files/Unity/Hub/Editor/2020.3.20f1/Editor/Data/MonoBleedingEdge/etc'
Using monoOptions --debugger-agent=transport=dt_socket,embedding=1,server=y,suspend=n,address=127.0.0.1:56504
Begin MonoManager ReloadAssembly
Registering precompiled unity dll's ...
Register platform support module: C:/Program Files/Unity/Hub/Editor/2020.3.20f1/Editor/Data/PlaybackEngines/WindowsStandaloneSupport/UnityEditor.WindowsStandalone.Extensions.dll
Registered in 0.001620 seconds.
Native extension for WindowsStandalone target not found
Refreshing native plugins compatible for Editor in 61.00 ms, found 16 plugins.
Preloading 1 native plugins for Editor in 0.13 ms.
Mono: successfully reloaded assembly
- Completed reload, in  1.553 seconds
Domain Reload Profiling:
	ReloadAssembly (1553ms)
		BeginReloadAssembly (47ms)
			ExecutionOrderSort (0ms)
			DisableScriptedObjects (0ms)
			BackupInstance (0ms)
			ReleaseScriptingObjects (0ms)
			CreateAndSetChildDomain (1ms)
		EndReloadAssembly (403ms)
			LoadAssemblies (45ms)
			RebuildTransferFunctionScriptingTraits (0ms)
			SetupTypeCache (136ms)
			ReleaseScriptCaches (0ms)
			RebuildScriptCaches (27ms)
			SetupLoadedEditorAssemblies (173ms)
				LogAssemblyErrors (0ms)
				InitializePlatformSupportModulesInManaged (4ms)
				SetLoadedEditorAssemblies (0ms)
				RefreshPlugins (61ms)
				BeforeProcessingInitializeOnLoad (15ms)
				ProcessInitializeOnLoadAttributes (68ms)
				ProcessInitializeOnLoadMethodAttributes (25ms)
				AfterProcessingInitializeOnLoad (0ms)
				EditorAssembliesLoaded (0ms)
			ExecutionOrderSort2 (0ms)
			AwakeInstancesAfterBackupRestoration (0ms)
Platform modules already initialized, skipping
Registering precompiled user dll's ...
Registered in 0.011037 seconds.
Begin MonoManager ReloadAssembly
Native extension for WindowsStandalone target not found
Refreshing native plugins compatible for Editor in 58.93 ms, found 16 plugins.
Preloading 1 native plugins for Editor in 0.11 ms.
Mono: successfully reloaded assembly
- Completed reload, in  1.296 seconds
Domain Reload Profiling:
	ReloadAssembly (1296ms)
		BeginReloadAssembly (129ms)
			ExecutionOrderSort (0ms)
			DisableScriptedObjects (4ms)
			BackupInstance (0ms)
			ReleaseScriptingObjects (0ms)
			CreateAndSetChildDomain (15ms)
		EndReloadAssembly (1093ms)
			LoadAssemblies (89ms)
			RebuildTransferFunctionScriptingTraits (0ms)
			SetupTypeCache (300ms)
			ReleaseScriptCaches (1ms)
			RebuildScriptCaches (56ms)
			SetupLoadedEditorAssemblies (525ms)
				LogAssemblyErrors (0ms)
				InitializePlatformSupportModulesInManaged (4ms)
				SetLoadedEditorAssemblies (0ms)
				RefreshPlugins (59ms)
				BeforeProcessingInitializeOnLoad (93ms)
				ProcessInitializeOnLoadAttributes (355ms)
				ProcessInitializeOnLoadMethodAttributes (8ms)
				AfterProcessingInitializeOnLoad (5ms)
				EditorAssembliesLoaded (0ms)
			ExecutionOrderSort2 (0ms)
			AwakeInstancesAfterBackupRestoration (6ms)
Platform modules already initialized, skipping
========================================================================
Worker process is ready to serve import requests
Launched and connected shader compiler UnityShaderCompiler.exe after 0.05 seconds
Refreshing native plugins compatible for Editor in 0.99 ms, found 16 plugins.
Preloading 1 native plugins for Editor in 0.08 ms.
Unloading 2987 Unused Serialized files (Serialized files now loaded: 0)
System memory in use before: 130.3 MB.
System memory in use after: 130.5 MB.

Unloading 144 unused Assets to reduce memory usage. Loaded Objects now: 3405.
Total: 4.059300 ms (FindLiveObjects: 0.368000 ms CreateObjectMapping: 0.215000 ms MarkObjects: 3.293500 ms  DeleteObjects: 0.181900 ms)

AssetImportParameters requested are different than current active one (requested -> active):
  custom:framework-win-MediaFoundation: 216162199b28c13a410421893ffa2e32 -> 
  custom:video-decoder-ogg-theora: a1e56fd34408186e4bbccfd4996cb3dc -> 
  custom:container-muxer-webm: aa71ff27fc2769a1b78a27578f13a17b -> 
  custom:container-demuxer-webm: 4f35f7cbe854078d1ac9338744f61a02 -> 
  custom:container-demuxer-ogg: 62fdf1f143b41e24485cea50d1cbac27 -> 
  custom:video-encoder-webm-vp8: eb34c28f22e8b96e1ab97ce403110664 -> 
  custom:video-codec-MediaFoundation-h265: 746d11721c4dcdbdad8f713fa42b33f4 -> 
  custom:video-decoder-webm-vp8: 9c59270c3fd7afecdb556c50c9e8de78 -> 
  custom:audio-decoder-ogg-vorbis: bf7c407c2cedff20999df2af8eb42d56 -> 
  custom:audio-encoder-webm-vorbis: bf7c407c2cedff20999df2af8eb42d56 -> 
========================================================================
Received Import Request.
  path: Assets/Imports from Celest/DeerPFP.png
  artifactKey: Guid(5d95d4e9db5eef74ab579f7ce9e795be) Importer(815301076,1909f56bfc062723c751e8b465ee728b)
Start importing Assets/Imports from Celest/DeerPFP.png using Guid(5d95d4e9db5eef74ab579f7ce9e795be) Importer(815301076,1909f56bfc062723c751e8b465ee728b)  -> (artifact id: '3e382e8440f72dc69b015ea1c88545fb') in 0.091173 seconds 
  Import took 0.096473 seconds .

========================================================================
Received Import Request.
  Time since last request: 0.000179 seconds.
  path: Assets/Imports from Celest/FoxPFP.png
  artifactKey: Guid(8de16f560faab544896551ea0283b1ab) Importer(815301076,1909f56bfc062723c751e8b465ee728b)
Start importing Assets/Imports from Celest/FoxPFP.png using Guid(8de16f560faab544896551ea0283b1ab) Importer(815301076,1909f56bfc062723c751e8b465ee728b)  -> (artifact id: 'c278892c93a017187e23d32494b78332') in 0.015126 seconds 
  Import took 0.019049 seconds .

========================================================================
Received Import Request.
  Time since last request: 0.000153 seconds.
  path: Assets/Imports from Celest/PenguinPFP.png
  artifactKey: Guid(1f86358464d554841b0b4eb3b1f9dd7d) Importer(815301076,1909f56bfc062723c751e8b465ee728b)
Start importing Assets/Imports from Celest/PenguinPFP.png using Guid(1f86358464d554841b0b4eb3b1f9dd7d) Importer(815301076,1909f56bfc062723c751e8b465ee728b)  -> (artifact id: '287d9a4903a8567e9e76a7e131141dbc') in 0.011851 seconds 
  Import took 0.015827 seconds .

========================================================================
Received Import Request.
  Time since last request: 8.062609 seconds.
  path: Assets/Imports from Celest/DeerPFP.png
  artifactKey: Guid(5d95d4e9db5eef74ab579f7ce9e795be) Importer(815301076,1909f56bfc062723c751e8b465ee728b)
Start importing Assets/Imports from Celest/DeerPFP.png using Guid(5d95d4e9db5eef74ab579f7ce9e795be) Importer(815301076,1909f56bfc062723c751e8b465ee728b)  -> (artifact id: '5f607bcbf4fef638996f58db17dcad9c') in 0.042274 seconds 
  Import took 0.046856 seconds .

========================================================================
Received Import Request.
  Time since last request: 0.000148 seconds.
  path: Assets/Imports from Celest/FoxPFP.png
  artifactKey: Guid(8de16f560faab544896551ea0283b1ab) Importer(815301076,1909f56bfc062723c751e8b465ee728b)
Start importing Assets/Imports from Celest/FoxPFP.png using Guid(8de16f560faab544896551ea0283b1ab) Importer(815301076,1909f56bfc062723c751e8b465ee728b)  -> (artifact id: 'eb37958da9d5e27f79dbfccad571f99b') in 0.013446 seconds 
  Import took 0.017496 seconds .

========================================================================
Received Import Request.
  Time since last request: 0.000137 seconds.
  path: Assets/Imports from Celest/PenguinPFP.png
  artifactKey: Guid(1f86358464d554841b0b4eb3b1f9dd7d) Importer(815301076,1909f56bfc062723c751e8b465ee728b)
Start importing Assets/Imports from Celest/PenguinPFP.png using Guid(1f86358464d554841b0b4eb3b1f9dd7d) Importer(815301076,1909f56bfc062723c751e8b465ee728b)  -> (artifact id: '221e7893748d411f757f1c422eaa3d20') in 0.012981 seconds 
  Import took 0.017732 seconds .

AssetImportWorkerClient::OnTransportError - code=2 error=End of file
