Using pre-set license
Built from '2020.3/staging' branch; Version is '2020.3.20f1 (41c4e627c95f) revision 4310246'; Using compiler version '192528614'; Build Type 'Release'
OS: 'Windows 10 Home; OS build 19043.1348; Version 2009; 64bit' Language: 'en' Physical Memory: 20255 MB
BatchMode: 1, IsHumanControllingUs: 0, StartBugReporterOnCrash: 0, Is64bit: 1, IsPro: 0

COMMAND LINE ARGUMENTS:
C:\Program Files\Unity\Hub\Editor\2020.3.20f1\Editor\Unity.exe
-adb2
-batchMode
-noUpm
-name
AssetImportWorker0
-projectPath
C:/Users/Theng Sun Yu/Documents/Sem 2.2/DDA ITD ASSIGNMENT 2/ITD-2359Studios-ASG2
-logFile
Logs/AssetImportWorker0.log
-srvPort
52295
Successfully changed project path to: C:/Users/Theng Sun Yu/Documents/Sem 2.2/DDA ITD ASSIGNMENT 2/ITD-2359Studios-ASG2
C:/Users/Theng Sun Yu/Documents/Sem 2.2/DDA ITD ASSIGNMENT 2/ITD-2359Studios-ASG2
Using Asset Import Pipeline V2.
Refreshing native plugins compatible for Editor in 229.24 ms, found 14 plugins.
Preloading 1 native plugins for Editor in 7.19 ms.
Initialize engine version: 2020.3.20f1 (41c4e627c95f)
[Subsystems] Discovering subsystems at path C:/Program Files/Unity/Hub/Editor/2020.3.20f1/Editor/Data/Resources/UnitySubsystems
[Subsystems] Discovering subsystems at path C:/Users/Theng Sun Yu/Documents/Sem 2.2/DDA ITD ASSIGNMENT 2/ITD-2359Studios-ASG2/Assets
GfxDevice: creating device client; threaded=0
Direct3D:
    Version:  Direct3D 11.0 [level 11.1]
    Renderer: Intel(R) Iris(R) Plus Graphics (ID=0x8a5a)
    Vendor:   
    VRAM:     10127 MB
    Driver:   27.20.100.8783
Initialize mono
Mono path[0] = 'C:/Program Files/Unity/Hub/Editor/2020.3.20f1/Editor/Data/Managed'
Mono path[1] = 'C:/Program Files/Unity/Hub/Editor/2020.3.20f1/Editor/Data/MonoBleedingEdge/lib/mono/unityjit'
Mono config path = 'C:/Program Files/Unity/Hub/Editor/2020.3.20f1/Editor/Data/MonoBleedingEdge/etc'
Using monoOptions --debugger-agent=transport=dt_socket,embedding=1,server=y,suspend=n,address=127.0.0.1:56408
Begin MonoManager ReloadAssembly
Registering precompiled unity dll's ...
Register platform support module: C:/Program Files/Unity/Hub/Editor/2020.3.20f1/Editor/Data/PlaybackEngines/WindowsStandaloneSupport/UnityEditor.WindowsStandalone.Extensions.dll
Registered in 0.002979 seconds.
Native extension for WindowsStandalone target not found
Refreshing native plugins compatible for Editor in 110.87 ms, found 14 plugins.
Preloading 1 native plugins for Editor in 0.12 ms.
Mono: successfully reloaded assembly
- Completed reload, in  3.309 seconds
Domain Reload Profiling:
	ReloadAssembly (3309ms)
		BeginReloadAssembly (135ms)
			ExecutionOrderSort (0ms)
			DisableScriptedObjects (0ms)
			BackupInstance (0ms)
			ReleaseScriptingObjects (0ms)
			CreateAndSetChildDomain (2ms)
		EndReloadAssembly (746ms)
			LoadAssemblies (128ms)
			RebuildTransferFunctionScriptingTraits (0ms)
			SetupTypeCache (260ms)
			ReleaseScriptCaches (0ms)
			RebuildScriptCaches (52ms)
			SetupLoadedEditorAssemblies (306ms)
				LogAssemblyErrors (0ms)
				InitializePlatformSupportModulesInManaged (6ms)
				SetLoadedEditorAssemblies (0ms)
				RefreshPlugins (111ms)
				BeforeProcessingInitializeOnLoad (23ms)
				ProcessInitializeOnLoadAttributes (120ms)
				ProcessInitializeOnLoadMethodAttributes (45ms)
				AfterProcessingInitializeOnLoad (0ms)
				EditorAssembliesLoaded (0ms)
			ExecutionOrderSort2 (0ms)
			AwakeInstancesAfterBackupRestoration (0ms)
Platform modules already initialized, skipping
Registering precompiled user dll's ...
Registered in 0.019735 seconds.
Begin MonoManager ReloadAssembly
Native extension for WindowsStandalone target not found
Refreshing native plugins compatible for Editor in 129.73 ms, found 14 plugins.
Preloading 1 native plugins for Editor in 0.17 ms.
Mono: successfully reloaded assembly
- Completed reload, in  2.425 seconds
Domain Reload Profiling:
	ReloadAssembly (2426ms)
		BeginReloadAssembly (224ms)
			ExecutionOrderSort (0ms)
			DisableScriptedObjects (6ms)
			BackupInstance (0ms)
			ReleaseScriptingObjects (0ms)
			CreateAndSetChildDomain (28ms)
		EndReloadAssembly (2096ms)
			LoadAssemblies (147ms)
			RebuildTransferFunctionScriptingTraits (0ms)
			SetupTypeCache (528ms)
			ReleaseScriptCaches (1ms)
			RebuildScriptCaches (103ms)
			SetupLoadedEditorAssemblies (1060ms)
				LogAssemblyErrors (0ms)
				InitializePlatformSupportModulesInManaged (6ms)
				SetLoadedEditorAssemblies (0ms)
				RefreshPlugins (130ms)
				BeforeProcessingInitializeOnLoad (185ms)
				ProcessInitializeOnLoadAttributes (714ms)
				ProcessInitializeOnLoadMethodAttributes (14ms)
				AfterProcessingInitializeOnLoad (10ms)
				EditorAssembliesLoaded (0ms)
			ExecutionOrderSort2 (0ms)
			AwakeInstancesAfterBackupRestoration (11ms)
Platform modules already initialized, skipping
========================================================================
Worker process is ready to serve import requests
Launched and connected shader compiler UnityShaderCompiler.exe after 0.07 seconds
Refreshing native plugins compatible for Editor in 2.60 ms, found 14 plugins.
Preloading 1 native plugins for Editor in 0.28 ms.
Unloading 2938 Unused Serialized files (Serialized files now loaded: 0)
System memory in use before: 129.9 MB.
System memory in use after: 130.1 MB.

Unloading 139 unused Assets to reduce memory usage. Loaded Objects now: 3358.
Total: 9.545100 ms (FindLiveObjects: 0.687700 ms CreateObjectMapping: 0.309600 ms MarkObjects: 8.002100 ms  DeleteObjects: 0.542800 ms)

AssetImportParameters requested are different than current active one (requested -> active):
  custom:framework-win-MediaFoundation: 216162199b28c13a410421893ffa2e32 -> 
  custom:video-decoder-ogg-theora: a1e56fd34408186e4bbccfd4996cb3dc -> 
  custom:container-muxer-webm: aa71ff27fc2769a1b78a27578f13a17b -> 
  custom:container-demuxer-webm: 4f35f7cbe854078d1ac9338744f61a02 -> 
  custom:container-demuxer-ogg: 62fdf1f143b41e24485cea50d1cbac27 -> 
  custom:video-encoder-webm-vp8: eb34c28f22e8b96e1ab97ce403110664 -> 
  custom:video-codec-MediaFoundation-h265: 746d11721c4dcdbdad8f713fa42b33f4 -> 
  custom:video-decoder-webm-vp8: 9c59270c3fd7afecdb556c50c9e8de78 -> 
  custom:audio-decoder-ogg-vorbis: bf7c407c2cedff20999df2af8eb42d56 -> 
  custom:audio-encoder-webm-vorbis: bf7c407c2cedff20999df2af8eb42d56 -> 
========================================================================
Received Import Request.
  path: Assets/Prefab/Overlay_Canvas.prefab
  artifactKey: Guid(5312b5693ffe08240a7c68622ba0d6d2) Importer(815301076,1909f56bfc062723c751e8b465ee728b)
Start importing Assets/Prefab/Overlay_Canvas.prefab using Guid(5312b5693ffe08240a7c68622ba0d6d2) Importer(815301076,1909f56bfc062723c751e8b465ee728b)  -> (artifact id: 'df35e1795671ddb4d6e3109891c697b1') in 0.153068 seconds 
  Import took 0.173658 seconds .

========================================================================
Received Import Request.
  Time since last request: 17.084985 seconds.
  path: Assets/Audio/Animation Related/Failed Intern
  artifactKey: Guid(5b42d9e8e93d4dc46944dff60321cb64) Importer(815301076,1909f56bfc062723c751e8b465ee728b)
Start importing Assets/Audio/Animation Related/Failed Intern using Guid(5b42d9e8e93d4dc46944dff60321cb64) Importer(815301076,1909f56bfc062723c751e8b465ee728b)  -> (artifact id: '423066d1e3ade47309462c14e921e799') in 0.015804 seconds 
  Import took 0.023017 seconds .

========================================================================
Received Import Request.
  Time since last request: 14.064930 seconds.
  path: Assets/Audio/Animation Related/Failed Intern/Failed Intern.mp3
  artifactKey: Guid(6f5bc677cc1b83e4db0da5a23ee38457) Importer(815301076,1909f56bfc062723c751e8b465ee728b)
Start importing Assets/Audio/Animation Related/Failed Intern/Failed Intern.mp3 using Guid(6f5bc677cc1b83e4db0da5a23ee38457) Importer(815301076,1909f56bfc062723c751e8b465ee728b)  -> (artifact id: 'ff3b9e5a45c63bc6f8f28596cfd73879') in 0.105055 seconds 
  Import took 0.113581 seconds .

AssetImportWorkerClient::OnTransportError - code=2 error=End of file
