Using pre-set license
Built from '2020.3/staging' branch; Version is '2020.3.20f1 (41c4e627c95f) revision 4310246'; Using compiler version '192528614'; Build Type 'Release'
OS: 'Windows 10 Home; OS build 22000.376; Version 2009; 64bit' Language: 'en' Physical Memory: 16222 MB
BatchMode: 1, IsHumanControllingUs: 0, StartBugReporterOnCrash: 0, Is64bit: 1, IsPro: 0

COMMAND LINE ARGUMENTS:
C:\Program Files\Unity\Hub\Editor\2020.3.20f1\Editor\Unity.exe
-adb2
-batchMode
-noUpm
-name
AssetImportWorker1
-projectPath
D:/NP Stuff/Year 2 Sem 2/ITD&DDA/ITD-2359Studios-ASG2
-logFile
Logs/AssetImportWorker1.log
-srvPort
51134
Successfully changed project path to: D:/NP Stuff/Year 2 Sem 2/ITD&DDA/ITD-2359Studios-ASG2
D:/NP Stuff/Year 2 Sem 2/ITD&DDA/ITD-2359Studios-ASG2
Using Asset Import Pipeline V2.
Refreshing native plugins compatible for Editor in 81.46 ms, found 17 plugins.
Preloading 1 native plugins for Editor in 0.87 ms.
Initialize engine version: 2020.3.20f1 (41c4e627c95f)
[Subsystems] Discovering subsystems at path C:/Program Files/Unity/Hub/Editor/2020.3.20f1/Editor/Data/Resources/UnitySubsystems
[Subsystems] Discovering subsystems at path D:/NP Stuff/Year 2 Sem 2/ITD&DDA/ITD-2359Studios-ASG2/Assets
GfxDevice: creating device client; threaded=0
Direct3D:
    Version:  Direct3D 11.0 [level 11.1]
    Renderer: NVIDIA GeForce GTX 1650 Ti (ID=0x1f95)
    Vendor:   
    VRAM:     3962 MB
    Driver:   30.0.14.9709
Initialize mono
Mono path[0] = 'C:/Program Files/Unity/Hub/Editor/2020.3.20f1/Editor/Data/Managed'
Mono path[1] = 'C:/Program Files/Unity/Hub/Editor/2020.3.20f1/Editor/Data/MonoBleedingEdge/lib/mono/unityjit'
Mono config path = 'C:/Program Files/Unity/Hub/Editor/2020.3.20f1/Editor/Data/MonoBleedingEdge/etc'
Using monoOptions --debugger-agent=transport=dt_socket,embedding=1,server=y,suspend=n,address=127.0.0.1:56808
Begin MonoManager ReloadAssembly
Registering precompiled unity dll's ...
Register platform support module: C:/Program Files/Unity/Hub/Editor/2020.3.20f1/Editor/Data/PlaybackEngines/WindowsStandaloneSupport/UnityEditor.WindowsStandalone.Extensions.dll
Registered in 0.000943 seconds.
Native extension for WindowsStandalone target not found
Refreshing native plugins compatible for Editor in 71.73 ms, found 17 plugins.
Preloading 1 native plugins for Editor in 0.05 ms.
Mono: successfully reloaded assembly
- Completed reload, in  1.333 seconds
Domain Reload Profiling:
	ReloadAssembly (1333ms)
		BeginReloadAssembly (39ms)
			ExecutionOrderSort (0ms)
			DisableScriptedObjects (0ms)
			BackupInstance (0ms)
			ReleaseScriptingObjects (0ms)
			CreateAndSetChildDomain (1ms)
		EndReloadAssembly (364ms)
			LoadAssemblies (37ms)
			RebuildTransferFunctionScriptingTraits (0ms)
			SetupTypeCache (117ms)
			ReleaseScriptCaches (0ms)
			RebuildScriptCaches (25ms)
			SetupLoadedEditorAssemblies (167ms)
				LogAssemblyErrors (0ms)
				InitializePlatformSupportModulesInManaged (3ms)
				SetLoadedEditorAssemblies (0ms)
				RefreshPlugins (72ms)
				BeforeProcessingInitializeOnLoad (13ms)
				ProcessInitializeOnLoadAttributes (58ms)
				ProcessInitializeOnLoadMethodAttributes (21ms)
				AfterProcessingInitializeOnLoad (0ms)
				EditorAssembliesLoaded (0ms)
			ExecutionOrderSort2 (0ms)
			AwakeInstancesAfterBackupRestoration (0ms)
Platform modules already initialized, skipping
Registering precompiled user dll's ...
Registered in 0.005652 seconds.
Begin MonoManager ReloadAssembly
Native extension for WindowsStandalone target not found
Refreshing native plugins compatible for Editor in 75.52 ms, found 17 plugins.
Preloading 1 native plugins for Editor in 0.05 ms.
[XR] Error loading subsystem: Display (1) (header mismatch?)
Mono: successfully reloaded assembly
- Completed reload, in  7.244 seconds
Domain Reload Profiling:
	ReloadAssembly (7249ms)
		BeginReloadAssembly (113ms)
			ExecutionOrderSort (0ms)
			DisableScriptedObjects (3ms)
			BackupInstance (0ms)
			ReleaseScriptingObjects (0ms)
			CreateAndSetChildDomain (15ms)
		EndReloadAssembly (7081ms)
			LoadAssemblies (4006ms)
			RebuildTransferFunctionScriptingTraits (0ms)
			SetupTypeCache (949ms)
			ReleaseScriptCaches (1ms)
			RebuildScriptCaches (64ms)
			SetupLoadedEditorAssemblies (1949ms)
				LogAssemblyErrors (0ms)
				InitializePlatformSupportModulesInManaged (3ms)
				SetLoadedEditorAssemblies (0ms)
				RefreshPlugins (76ms)
				BeforeProcessingInitializeOnLoad (109ms)
				ProcessInitializeOnLoadAttributes (1272ms)
				ProcessInitializeOnLoadMethodAttributes (485ms)
				AfterProcessingInitializeOnLoad (3ms)
				EditorAssembliesLoaded (0ms)
			ExecutionOrderSort2 (0ms)
			AwakeInstancesAfterBackupRestoration (5ms)
Platform modules already initialized, skipping
========================================================================
Worker process is ready to serve import requests
Launched and connected shader compiler UnityShaderCompiler.exe after 0.09 seconds
Refreshing native plugins compatible for Editor in 1.21 ms, found 17 plugins.
Preloading 1 native plugins for Editor in 0.04 ms.
Unloading 4300 Unused Serialized files (Serialized files now loaded: 0)
System memory in use before: 174.5 MB.
System memory in use after: 173.6 MB.

Unloading 284 unused Assets to reduce memory usage. Loaded Objects now: 4701.
Total: 4.214400 ms (FindLiveObjects: 0.366700 ms CreateObjectMapping: 0.224400 ms MarkObjects: 3.293100 ms  DeleteObjects: 0.329400 ms)

AssetImportParameters requested are different than current active one (requested -> active):
  custom:framework-win-MediaFoundation: 216162199b28c13a410421893ffa2e32 -> 
  custom:video-decoder-ogg-theora: a1e56fd34408186e4bbccfd4996cb3dc -> 
  custom:container-muxer-webm: aa71ff27fc2769a1b78a27578f13a17b -> 
  custom:container-demuxer-webm: 4f35f7cbe854078d1ac9338744f61a02 -> 
  custom:container-demuxer-ogg: 62fdf1f143b41e24485cea50d1cbac27 -> 
  custom:video-encoder-webm-vp8: eb34c28f22e8b96e1ab97ce403110664 -> 
  custom:video-decoder-webm-vp8: 9c59270c3fd7afecdb556c50c9e8de78 -> 
  custom:audio-decoder-ogg-vorbis: bf7c407c2cedff20999df2af8eb42d56 -> 
  custom:audio-encoder-webm-vorbis: bf7c407c2cedff20999df2af8eb42d56 -> 
========================================================================
Received Import Request.
  path: Assets/Script/tutorialManager.cs
  artifactKey: Guid(e85a3092f1f1d294d9496ddb138271d0) Importer(815301076,1909f56bfc062723c751e8b465ee728b)
Start importing Assets/Script/tutorialManager.cs using Guid(e85a3092f1f1d294d9496ddb138271d0) Importer(815301076,1909f56bfc062723c751e8b465ee728b)  -> (artifact id: '6c01744941582bff0b28b5a1724b8b12') in 0.032107 seconds 
  Import took 0.037417 seconds .

========================================================================
Received Import Request.
  Time since last request: 38.941621 seconds.
  path: Assets/Scenes/Exhibition.unity
  artifactKey: Guid(eb4f25a57c67658458bcb7f4bcfc9f17) Importer(815301076,1909f56bfc062723c751e8b465ee728b)
Start importing Assets/Scenes/Exhibition.unity using Guid(eb4f25a57c67658458bcb7f4bcfc9f17) Importer(815301076,1909f56bfc062723c751e8b465ee728b)  -> (artifact id: 'ceacaf643b9742fae7aebc94d08dea74') in 0.012652 seconds 
  Import took 0.117589 seconds .

========================================================================
Received Import Request.
  Time since last request: 1683.617561 seconds.
  path: Assets/Script/GameManager.cs
  artifactKey: Guid(d4577e934e5f02f4e986898e4fec8b5a) Importer(815301076,1909f56bfc062723c751e8b465ee728b)
Start importing Assets/Script/GameManager.cs using Guid(d4577e934e5f02f4e986898e4fec8b5a) Importer(815301076,1909f56bfc062723c751e8b465ee728b)  -> (artifact id: '269542f71afafdd404e42c66992b8504') in 0.008106 seconds 
  Import took 0.118236 seconds .

========================================================================
Received Prepare
Registering precompiled user dll's ...
Registered in 0.007267 seconds.
Begin MonoManager ReloadAssembly
Native extension for WindowsStandalone target not found
Refreshing native plugins compatible for Editor in 2.44 ms, found 17 plugins.
Preloading 1 native plugins for Editor in 0.11 ms.
Warning: Annotation not found!
UnityEngine.StackTraceUtility:ExtractStackTrace ()
UnityEditor.ProBuilder.EditorUtility:SetGizmoIconEnabled (System.Type,bool) (at Library/PackageCache/com.unity.probuilder@5.0.3/Editor/EditorCore/EditorUtility.cs:575)
UnityEditor.ProBuilder.HierarchyListener:.cctor () (at Library/PackageCache/com.unity.probuilder@5.0.3/Editor/EditorCore/HierarchyListener.cs:21)
System.Runtime.CompilerServices.RuntimeHelpers:RunClassConstructor (System.RuntimeTypeHandle)
UnityEditor.EditorAssemblies:ProcessInitializeOnLoadAttributes (System.Type[])

[Library/PackageCache/com.unity.probuilder@5.0.3/Editor/EditorCore/EditorUtility.cs line 575]

Error when attempting to update scene info fields. Scene info data may be stale.
UnityEngine.StackTraceUtility:ExtractStackTrace ()
UnityEngine.DebugLogHandler:LogFormat (UnityEngine.LogType,UnityEngine.Object,string,object[])
UnityEngine.Logger:Log (UnityEngine.LogType,object)
UnityEngine.Debug:LogWarning (object)
Microsoft.MixedReality.Toolkit.Editor.SceneInfoUtils:RefreshSceneInfoFieldsInScriptableObjects () (at Library/PackageCache/com.microsoft.mixedreality.toolkit.foundation@b76a88a1e567-1639823122063/Core/Inspectors/PropertyDrawers/SceneInfoUtils.cs:313)
Microsoft.MixedReality.Toolkit.Editor.SceneInfoUtils:InitializeOnLoad () (at Library/PackageCache/com.microsoft.mixedreality.toolkit.foundation@b76a88a1e567-1639823122063/Core/Inspectors/PropertyDrawers/SceneInfoUtils.cs:231)
System.Reflection.MonoMethod:Invoke (object,System.Reflection.BindingFlags,System.Reflection.Binder,object[],System.Globalization.CultureInfo)
System.Reflection.MethodBase:Invoke (object,object[])
UnityEditor.EditorAssemblies:ProcessInitializeOnLoadMethodAttributes ()

(Filename: Library/PackageCache/com.microsoft.mixedreality.toolkit.foundation@b76a88a1e567-1639823122063/Core/Inspectors/PropertyDrawers/SceneInfoUtils.cs Line: 313)

Mono: successfully reloaded assembly
- Completed reload, in  2.052 seconds
Domain Reload Profiling:
	ReloadAssembly (2052ms)
		BeginReloadAssembly (132ms)
			ExecutionOrderSort (0ms)
			DisableScriptedObjects (4ms)
			BackupInstance (0ms)
			ReleaseScriptingObjects (0ms)
			CreateAndSetChildDomain (46ms)
		EndReloadAssembly (1856ms)
			LoadAssemblies (98ms)
			RebuildTransferFunctionScriptingTraits (0ms)
			SetupTypeCache (386ms)
			ReleaseScriptCaches (1ms)
			RebuildScriptCaches (48ms)
			SetupLoadedEditorAssemblies (1164ms)
				LogAssemblyErrors (0ms)
				InitializePlatformSupportModulesInManaged (5ms)
				SetLoadedEditorAssemblies (0ms)
				RefreshPlugins (3ms)
				BeforeProcessingInitializeOnLoad (132ms)
				ProcessInitializeOnLoadAttributes (801ms)
				ProcessInitializeOnLoadMethodAttributes (219ms)
				AfterProcessingInitializeOnLoad (3ms)
				EditorAssembliesLoaded (0ms)
			ExecutionOrderSort2 (0ms)
			AwakeInstancesAfterBackupRestoration (9ms)
Platform modules already initialized, skipping
Refreshing native plugins compatible for Editor in 1.43 ms, found 17 plugins.
Preloading 1 native plugins for Editor in 0.05 ms.
Unloading 4190 Unused Serialized files (Serialized files now loaded: 0)
System memory in use before: 195.0 MB.
System memory in use after: 194.8 MB.

Unloading 83 unused Assets to reduce memory usage. Loaded Objects now: 4705.
Total: 4.069100 ms (FindLiveObjects: 0.366300 ms CreateObjectMapping: 0.228300 ms MarkObjects: 3.287400 ms  DeleteObjects: 0.186500 ms)

AssetImportParameters requested are different than current active one (requested -> active):
  custom:framework-win-MediaFoundation: 216162199b28c13a410421893ffa2e32 -> 
  custom:video-decoder-ogg-theora: a1e56fd34408186e4bbccfd4996cb3dc -> 
  custom:container-muxer-webm: aa71ff27fc2769a1b78a27578f13a17b -> 
  custom:container-demuxer-webm: 4f35f7cbe854078d1ac9338744f61a02 -> 
  custom:container-demuxer-ogg: 62fdf1f143b41e24485cea50d1cbac27 -> 
  custom:video-encoder-webm-vp8: eb34c28f22e8b96e1ab97ce403110664 -> 
  custom:video-decoder-webm-vp8: 9c59270c3fd7afecdb556c50c9e8de78 -> 
  custom:audio-decoder-ogg-vorbis: bf7c407c2cedff20999df2af8eb42d56 -> 
  custom:audio-encoder-webm-vorbis: bf7c407c2cedff20999df2af8eb42d56 -> 
========================================================================
Received Import Request.
  Time since last request: 42.494050 seconds.
  path: Assets/Script/Ingredients.cs
  artifactKey: Guid(8e7b530ac38c0c84fa77c06a0da3c969) Importer(815301076,1909f56bfc062723c751e8b465ee728b)
Start importing Assets/Script/Ingredients.cs using Guid(8e7b530ac38c0c84fa77c06a0da3c969) Importer(815301076,1909f56bfc062723c751e8b465ee728b)  -> (artifact id: 'cde2ba09478ce2486cbe35e7cd480e5a') in 0.012057 seconds 
  Import took 0.112094 seconds .

========================================================================
Received Import Request.
  Time since last request: 521.384519 seconds.
  path: Assets/Script/GameManager.cs
  artifactKey: Guid(d4577e934e5f02f4e986898e4fec8b5a) Importer(815301076,1909f56bfc062723c751e8b465ee728b)
Start importing Assets/Script/GameManager.cs using Guid(d4577e934e5f02f4e986898e4fec8b5a) Importer(815301076,1909f56bfc062723c751e8b465ee728b)  -> (artifact id: 'd1c72b09b78a7216c49d2abb7ef47c13') in 0.006333 seconds 
  Import took 0.048218 seconds .

========================================================================
Received Import Request.
  Time since last request: 8.290195 seconds.
  path: Assets/Script/GameManager.cs
  artifactKey: Guid(d4577e934e5f02f4e986898e4fec8b5a) Importer(815301076,1909f56bfc062723c751e8b465ee728b)
Start importing Assets/Script/GameManager.cs using Guid(d4577e934e5f02f4e986898e4fec8b5a) Importer(815301076,1909f56bfc062723c751e8b465ee728b)  -> (artifact id: 'acec17b4e815498a4a65163368df777e') in 0.003634 seconds 
  Import took 0.028209 seconds .

========================================================================
Received Import Request.
  Time since last request: 541.888389 seconds.
  path: Assets/Script/GameManager.cs
  artifactKey: Guid(d4577e934e5f02f4e986898e4fec8b5a) Importer(815301076,1909f56bfc062723c751e8b465ee728b)
Start importing Assets/Script/GameManager.cs using Guid(d4577e934e5f02f4e986898e4fec8b5a) Importer(815301076,1909f56bfc062723c751e8b465ee728b)  -> (artifact id: '7032da8034bbeb2b930b8f30cdd6ac65') in 0.003808 seconds 
  Import took 0.064596 seconds .

========================================================================
Received Import Request.
  Time since last request: 12.805175 seconds.
  path: Assets/Script/GameManager.cs
  artifactKey: Guid(d4577e934e5f02f4e986898e4fec8b5a) Importer(815301076,1909f56bfc062723c751e8b465ee728b)
Start importing Assets/Script/GameManager.cs using Guid(d4577e934e5f02f4e986898e4fec8b5a) Importer(815301076,1909f56bfc062723c751e8b465ee728b)  -> (artifact id: '0255ef37efc9d541617022a0ad918e25') in 0.003637 seconds 
  Import took 0.119017 seconds .

========================================================================
Received Import Request.
  Time since last request: 17.126649 seconds.
  path: Assets/Script/GameManager.cs
  artifactKey: Guid(d4577e934e5f02f4e986898e4fec8b5a) Importer(815301076,1909f56bfc062723c751e8b465ee728b)
Start importing Assets/Script/GameManager.cs using Guid(d4577e934e5f02f4e986898e4fec8b5a) Importer(815301076,1909f56bfc062723c751e8b465ee728b)  -> (artifact id: '1086666954424508683f931894b79d87') in 0.003397 seconds 
  Import took 0.015428 seconds .

========================================================================
Received Import Request.
  Time since last request: 155.891513 seconds.
  path: Assets/Script/GameManager.cs
  artifactKey: Guid(d4577e934e5f02f4e986898e4fec8b5a) Importer(815301076,1909f56bfc062723c751e8b465ee728b)
Start importing Assets/Script/GameManager.cs using Guid(d4577e934e5f02f4e986898e4fec8b5a) Importer(815301076,1909f56bfc062723c751e8b465ee728b)  -> (artifact id: '18205512c694e60e8334bde443ebb900') in 0.003601 seconds 
  Import took 0.010866 seconds .

========================================================================
Received Import Request.
  Time since last request: 33.427091 seconds.
  path: Assets/Script/GameManager.cs
  artifactKey: Guid(d4577e934e5f02f4e986898e4fec8b5a) Importer(815301076,1909f56bfc062723c751e8b465ee728b)
Start importing Assets/Script/GameManager.cs using Guid(d4577e934e5f02f4e986898e4fec8b5a) Importer(815301076,1909f56bfc062723c751e8b465ee728b)  -> (artifact id: '0866042abb57447089a74c371ae4be1b') in 0.003491 seconds 
  Import took 0.029660 seconds .

========================================================================
Received Import Request.
  Time since last request: 108.808659 seconds.
  path: Assets/Script/GameManager.cs
  artifactKey: Guid(d4577e934e5f02f4e986898e4fec8b5a) Importer(815301076,1909f56bfc062723c751e8b465ee728b)
Start importing Assets/Script/GameManager.cs using Guid(d4577e934e5f02f4e986898e4fec8b5a) Importer(815301076,1909f56bfc062723c751e8b465ee728b)  -> (artifact id: 'c19b1b4a43f10117d45ed92744a184bc') in 0.003548 seconds 
  Import took 0.010431 seconds .

========================================================================
Received Import Request.
  Time since last request: 85.665711 seconds.
  path: Assets/Script/GameManager.cs
  artifactKey: Guid(d4577e934e5f02f4e986898e4fec8b5a) Importer(815301076,1909f56bfc062723c751e8b465ee728b)
Start importing Assets/Script/GameManager.cs using Guid(d4577e934e5f02f4e986898e4fec8b5a) Importer(815301076,1909f56bfc062723c751e8b465ee728b)  -> (artifact id: '3a504467d5fde6e28b3ebbf639bb956e') in 0.004279 seconds 
  Import took 0.010579 seconds .

========================================================================
Received Import Request.
  Time since last request: 166.798659 seconds.
  path: Assets/Script/GameManager.cs
  artifactKey: Guid(d4577e934e5f02f4e986898e4fec8b5a) Importer(815301076,1909f56bfc062723c751e8b465ee728b)
Start importing Assets/Script/GameManager.cs using Guid(d4577e934e5f02f4e986898e4fec8b5a) Importer(815301076,1909f56bfc062723c751e8b465ee728b)  -> (artifact id: '48d59954f48047bb8fc41de33842b3ab') in 0.004052 seconds 
  Import took 0.012133 seconds .

========================================================================
Received Import Request.
  Time since last request: 11.502642 seconds.
  path: Assets/Script/GameManager.cs
  artifactKey: Guid(d4577e934e5f02f4e986898e4fec8b5a) Importer(815301076,1909f56bfc062723c751e8b465ee728b)
Start importing Assets/Script/GameManager.cs using Guid(d4577e934e5f02f4e986898e4fec8b5a) Importer(815301076,1909f56bfc062723c751e8b465ee728b)  -> (artifact id: '951ce5df307c28f593511a429c6655c6') in 0.003499 seconds 
  Import took 0.120959 seconds .

========================================================================
Received Import Request.
  Time since last request: 4.312479 seconds.
  path: Assets/Script/GameManager.cs
  artifactKey: Guid(d4577e934e5f02f4e986898e4fec8b5a) Importer(815301076,1909f56bfc062723c751e8b465ee728b)
Start importing Assets/Script/GameManager.cs using Guid(d4577e934e5f02f4e986898e4fec8b5a) Importer(815301076,1909f56bfc062723c751e8b465ee728b)  -> (artifact id: '40a700db2fc355e40a2fd6429d4baca7') in 0.004059 seconds 
  Import took 0.022941 seconds .

========================================================================
Received Import Request.
  Time since last request: 91.090580 seconds.
  path: Assets/Script/GameManager.cs
  artifactKey: Guid(d4577e934e5f02f4e986898e4fec8b5a) Importer(815301076,1909f56bfc062723c751e8b465ee728b)
Start importing Assets/Script/GameManager.cs using Guid(d4577e934e5f02f4e986898e4fec8b5a) Importer(815301076,1909f56bfc062723c751e8b465ee728b)  -> (artifact id: '69e2052902d26341c97b3419bd83f6be') in 0.003819 seconds 
  Import took 0.088483 seconds .

========================================================================
Received Import Request.
  Time since last request: 4.253283 seconds.
  path: Assets/Script/GameManager.cs
  artifactKey: Guid(d4577e934e5f02f4e986898e4fec8b5a) Importer(815301076,1909f56bfc062723c751e8b465ee728b)
Start importing Assets/Script/GameManager.cs using Guid(d4577e934e5f02f4e986898e4fec8b5a) Importer(815301076,1909f56bfc062723c751e8b465ee728b)  -> (artifact id: '067c05cf24278ed3cc5d328af117b08b') in 0.003127 seconds 
  Import took 0.025844 seconds .

========================================================================
Received Import Request.
  Time since last request: 14.756574 seconds.
  path: Assets/Script/GameManager.cs
  artifactKey: Guid(d4577e934e5f02f4e986898e4fec8b5a) Importer(815301076,1909f56bfc062723c751e8b465ee728b)
Start importing Assets/Script/GameManager.cs using Guid(d4577e934e5f02f4e986898e4fec8b5a) Importer(815301076,1909f56bfc062723c751e8b465ee728b)  -> (artifact id: '89e0a61315d980a1ac7346739df214c3') in 0.003616 seconds 
  Import took 0.010204 seconds .

========================================================================
Received Import Request.
  Time since last request: 60.078965 seconds.
  path: Assets/Script/GameManager.cs
  artifactKey: Guid(d4577e934e5f02f4e986898e4fec8b5a) Importer(815301076,1909f56bfc062723c751e8b465ee728b)
Start importing Assets/Script/GameManager.cs using Guid(d4577e934e5f02f4e986898e4fec8b5a) Importer(815301076,1909f56bfc062723c751e8b465ee728b)  -> (artifact id: '7c76b9b66386d888d57979ad45c8b628') in 0.003496 seconds 
  Import took 0.116396 seconds .

========================================================================
Received Import Request.
  Time since last request: 0.466882 seconds.
  path: Assets/Script/GameManager.cs
  artifactKey: Guid(d4577e934e5f02f4e986898e4fec8b5a) Importer(815301076,1909f56bfc062723c751e8b465ee728b)
Start importing Assets/Script/GameManager.cs using Guid(d4577e934e5f02f4e986898e4fec8b5a) Importer(815301076,1909f56bfc062723c751e8b465ee728b)  -> (artifact id: '931c9f5be6bfbab8b781078143184924') in 0.004453 seconds 
  Import took 0.026430 seconds .

========================================================================
Received Import Request.
  Time since last request: 83.463436 seconds.
  path: Assets/Script/GameManager.cs
  artifactKey: Guid(d4577e934e5f02f4e986898e4fec8b5a) Importer(815301076,1909f56bfc062723c751e8b465ee728b)
Start importing Assets/Script/GameManager.cs using Guid(d4577e934e5f02f4e986898e4fec8b5a) Importer(815301076,1909f56bfc062723c751e8b465ee728b)  -> (artifact id: '0b8fc571fee2e3f4fe89c066fb280ed7') in 0.003294 seconds 
  Import took 0.011160 seconds .

========================================================================
Received Import Request.
  Time since last request: 6.660126 seconds.
  path: Assets/Script/GameManager.cs
  artifactKey: Guid(d4577e934e5f02f4e986898e4fec8b5a) Importer(815301076,1909f56bfc062723c751e8b465ee728b)
Start importing Assets/Script/GameManager.cs using Guid(d4577e934e5f02f4e986898e4fec8b5a) Importer(815301076,1909f56bfc062723c751e8b465ee728b)  -> (artifact id: 'c11c010847ecbaa8984879d8713ead07') in 0.004394 seconds 
  Import took 0.037800 seconds .

========================================================================
Received Import Request.
  Time since last request: 10.127433 seconds.
  path: Assets/Script/GameManager.cs
  artifactKey: Guid(d4577e934e5f02f4e986898e4fec8b5a) Importer(815301076,1909f56bfc062723c751e8b465ee728b)
Start importing Assets/Script/GameManager.cs using Guid(d4577e934e5f02f4e986898e4fec8b5a) Importer(815301076,1909f56bfc062723c751e8b465ee728b)  -> (artifact id: 'ba81e7fca976db638f5a2c2ad3b4c168') in 0.004571 seconds 
  Import took 0.048351 seconds .

========================================================================
Received Prepare
Registering precompiled user dll's ...
Registered in 0.008537 seconds.
Begin MonoManager ReloadAssembly
Native extension for WindowsStandalone target not found
Refreshing native plugins compatible for Editor in 1.45 ms, found 17 plugins.
Preloading 1 native plugins for Editor in 0.07 ms.
Warning: Annotation not found!
UnityEngine.StackTraceUtility:ExtractStackTrace ()
UnityEditor.ProBuilder.EditorUtility:SetGizmoIconEnabled (System.Type,bool) (at Library/PackageCache/com.unity.probuilder@5.0.3/Editor/EditorCore/EditorUtility.cs:575)
UnityEditor.ProBuilder.HierarchyListener:.cctor () (at Library/PackageCache/com.unity.probuilder@5.0.3/Editor/EditorCore/HierarchyListener.cs:21)
System.Runtime.CompilerServices.RuntimeHelpers:RunClassConstructor (System.RuntimeTypeHandle)
UnityEditor.EditorAssemblies:ProcessInitializeOnLoadAttributes (System.Type[])

[Library/PackageCache/com.unity.probuilder@5.0.3/Editor/EditorCore/EditorUtility.cs line 575]

Error when attempting to update scene info fields. Scene info data may be stale.
UnityEngine.StackTraceUtility:ExtractStackTrace ()
UnityEngine.DebugLogHandler:LogFormat (UnityEngine.LogType,UnityEngine.Object,string,object[])
UnityEngine.Logger:Log (UnityEngine.LogType,object)
UnityEngine.Debug:LogWarning (object)
Microsoft.MixedReality.Toolkit.Editor.SceneInfoUtils:RefreshSceneInfoFieldsInScriptableObjects () (at Library/PackageCache/com.microsoft.mixedreality.toolkit.foundation@b76a88a1e567-1639823122063/Core/Inspectors/PropertyDrawers/SceneInfoUtils.cs:313)
Microsoft.MixedReality.Toolkit.Editor.SceneInfoUtils:InitializeOnLoad () (at Library/PackageCache/com.microsoft.mixedreality.toolkit.foundation@b76a88a1e567-1639823122063/Core/Inspectors/PropertyDrawers/SceneInfoUtils.cs:231)
System.Reflection.MonoMethod:Invoke (object,System.Reflection.BindingFlags,System.Reflection.Binder,object[],System.Globalization.CultureInfo)
System.Reflection.MethodBase:Invoke (object,object[])
UnityEditor.EditorAssemblies:ProcessInitializeOnLoadMethodAttributes ()

(Filename: Library/PackageCache/com.microsoft.mixedreality.toolkit.foundation@b76a88a1e567-1639823122063/Core/Inspectors/PropertyDrawers/SceneInfoUtils.cs Line: 313)

Mono: successfully reloaded assembly
- Completed reload, in  2.011 seconds
Domain Reload Profiling:
	ReloadAssembly (2012ms)
		BeginReloadAssembly (129ms)
			ExecutionOrderSort (0ms)
			DisableScriptedObjects (4ms)
			BackupInstance (0ms)
			ReleaseScriptingObjects (0ms)
			CreateAndSetChildDomain (47ms)
		EndReloadAssembly (1828ms)
			LoadAssemblies (90ms)
			RebuildTransferFunctionScriptingTraits (0ms)
			SetupTypeCache (353ms)
			ReleaseScriptCaches (1ms)
			RebuildScriptCaches (50ms)
			SetupLoadedEditorAssemblies (1177ms)
				LogAssemblyErrors (0ms)
				InitializePlatformSupportModulesInManaged (4ms)
				SetLoadedEditorAssemblies (0ms)
				RefreshPlugins (2ms)
				BeforeProcessingInitializeOnLoad (117ms)
				ProcessInitializeOnLoadAttributes (820ms)
				ProcessInitializeOnLoadMethodAttributes (229ms)
				AfterProcessingInitializeOnLoad (4ms)
				EditorAssembliesLoaded (0ms)
			ExecutionOrderSort2 (0ms)
			AwakeInstancesAfterBackupRestoration (14ms)
Platform modules already initialized, skipping
Refreshing native plugins compatible for Editor in 1.54 ms, found 17 plugins.
Preloading 1 native plugins for Editor in 0.05 ms.
Unloading 4191 Unused Serialized files (Serialized files now loaded: 0)
System memory in use before: 185.6 MB.
System memory in use after: 185.4 MB.

Unloading 83 unused Assets to reduce memory usage. Loaded Objects now: 4709.
Total: 4.225300 ms (FindLiveObjects: 0.364300 ms CreateObjectMapping: 0.235900 ms MarkObjects: 3.433900 ms  DeleteObjects: 0.190300 ms)

AssetImportParameters requested are different than current active one (requested -> active):
  custom:framework-win-MediaFoundation: 216162199b28c13a410421893ffa2e32 -> 
  custom:video-decoder-ogg-theora: a1e56fd34408186e4bbccfd4996cb3dc -> 
  custom:container-muxer-webm: aa71ff27fc2769a1b78a27578f13a17b -> 
  custom:container-demuxer-webm: 4f35f7cbe854078d1ac9338744f61a02 -> 
  custom:container-demuxer-ogg: 62fdf1f143b41e24485cea50d1cbac27 -> 
  custom:video-encoder-webm-vp8: eb34c28f22e8b96e1ab97ce403110664 -> 
  custom:video-decoder-webm-vp8: 9c59270c3fd7afecdb556c50c9e8de78 -> 
  custom:audio-decoder-ogg-vorbis: bf7c407c2cedff20999df2af8eb42d56 -> 
  custom:audio-encoder-webm-vorbis: bf7c407c2cedff20999df2af8eb42d56 -> 
========================================================================
Received Prepare
Registering precompiled user dll's ...
Registered in 0.007404 seconds.
Begin MonoManager ReloadAssembly
Native extension for WindowsStandalone target not found
Refreshing native plugins compatible for Editor in 2.11 ms, found 17 plugins.
Preloading 1 native plugins for Editor in 0.07 ms.
Warning: Annotation not found!
UnityEngine.StackTraceUtility:ExtractStackTrace ()
UnityEditor.ProBuilder.EditorUtility:SetGizmoIconEnabled (System.Type,bool) (at Library/PackageCache/com.unity.probuilder@5.0.3/Editor/EditorCore/EditorUtility.cs:575)
UnityEditor.ProBuilder.HierarchyListener:.cctor () (at Library/PackageCache/com.unity.probuilder@5.0.3/Editor/EditorCore/HierarchyListener.cs:21)
System.Runtime.CompilerServices.RuntimeHelpers:RunClassConstructor (System.RuntimeTypeHandle)
UnityEditor.EditorAssemblies:ProcessInitializeOnLoadAttributes (System.Type[])

[Library/PackageCache/com.unity.probuilder@5.0.3/Editor/EditorCore/EditorUtility.cs line 575]

Error when attempting to update scene info fields. Scene info data may be stale.
UnityEngine.StackTraceUtility:ExtractStackTrace ()
UnityEngine.DebugLogHandler:LogFormat (UnityEngine.LogType,UnityEngine.Object,string,object[])
UnityEngine.Logger:Log (UnityEngine.LogType,object)
UnityEngine.Debug:LogWarning (object)
Microsoft.MixedReality.Toolkit.Editor.SceneInfoUtils:RefreshSceneInfoFieldsInScriptableObjects () (at Library/PackageCache/com.microsoft.mixedreality.toolkit.foundation@b76a88a1e567-1639823122063/Core/Inspectors/PropertyDrawers/SceneInfoUtils.cs:313)
Microsoft.MixedReality.Toolkit.Editor.SceneInfoUtils:InitializeOnLoad () (at Library/PackageCache/com.microsoft.mixedreality.toolkit.foundation@b76a88a1e567-1639823122063/Core/Inspectors/PropertyDrawers/SceneInfoUtils.cs:231)
System.Reflection.MonoMethod:Invoke (object,System.Reflection.BindingFlags,System.Reflection.Binder,object[],System.Globalization.CultureInfo)
System.Reflection.MethodBase:Invoke (object,object[])
UnityEditor.EditorAssemblies:ProcessInitializeOnLoadMethodAttributes ()

(Filename: Library/PackageCache/com.microsoft.mixedreality.toolkit.foundation@b76a88a1e567-1639823122063/Core/Inspectors/PropertyDrawers/SceneInfoUtils.cs Line: 313)

Mono: successfully reloaded assembly
- Completed reload, in  1.976 seconds
Domain Reload Profiling:
	ReloadAssembly (1977ms)
		BeginReloadAssembly (118ms)
			ExecutionOrderSort (0ms)
			DisableScriptedObjects (4ms)
			BackupInstance (0ms)
			ReleaseScriptingObjects (0ms)
			CreateAndSetChildDomain (48ms)
		EndReloadAssembly (1802ms)
			LoadAssemblies (94ms)
			RebuildTransferFunctionScriptingTraits (0ms)
			SetupTypeCache (338ms)
			ReleaseScriptCaches (1ms)
			RebuildScriptCaches (49ms)
			SetupLoadedEditorAssemblies (1183ms)
				LogAssemblyErrors (0ms)
				InitializePlatformSupportModulesInManaged (7ms)
				SetLoadedEditorAssemblies (1ms)
				RefreshPlugins (2ms)
				BeforeProcessingInitializeOnLoad (110ms)
				ProcessInitializeOnLoadAttributes (834ms)
				ProcessInitializeOnLoadMethodAttributes (225ms)
				AfterProcessingInitializeOnLoad (4ms)
				EditorAssembliesLoaded (0ms)
			ExecutionOrderSort2 (0ms)
			AwakeInstancesAfterBackupRestoration (10ms)
Platform modules already initialized, skipping
Refreshing native plugins compatible for Editor in 1.36 ms, found 17 plugins.
Preloading 1 native plugins for Editor in 0.04 ms.
Unloading 4192 Unused Serialized files (Serialized files now loaded: 0)
System memory in use before: 185.7 MB.
System memory in use after: 185.5 MB.

Unloading 83 unused Assets to reduce memory usage. Loaded Objects now: 4713.
Total: 4.329500 ms (FindLiveObjects: 0.362800 ms CreateObjectMapping: 0.213700 ms MarkObjects: 3.562500 ms  DeleteObjects: 0.189300 ms)

AssetImportParameters requested are different than current active one (requested -> active):
  custom:framework-win-MediaFoundation: 216162199b28c13a410421893ffa2e32 -> 
  custom:video-decoder-ogg-theora: a1e56fd34408186e4bbccfd4996cb3dc -> 
  custom:container-muxer-webm: aa71ff27fc2769a1b78a27578f13a17b -> 
  custom:container-demuxer-webm: 4f35f7cbe854078d1ac9338744f61a02 -> 
  custom:container-demuxer-ogg: 62fdf1f143b41e24485cea50d1cbac27 -> 
  custom:video-encoder-webm-vp8: eb34c28f22e8b96e1ab97ce403110664 -> 
  custom:video-decoder-webm-vp8: 9c59270c3fd7afecdb556c50c9e8de78 -> 
  custom:audio-decoder-ogg-vorbis: bf7c407c2cedff20999df2af8eb42d56 -> 
  custom:audio-encoder-webm-vorbis: bf7c407c2cedff20999df2af8eb42d56 -> 
========================================================================
Received Import Request.
  Time since last request: 63.350889 seconds.
  path: Assets/Script/UpdateTask.cs
  artifactKey: Guid(8a60672358679094aade932e2c88bc11) Importer(815301076,1909f56bfc062723c751e8b465ee728b)
Start importing Assets/Script/UpdateTask.cs using Guid(8a60672358679094aade932e2c88bc11) Importer(815301076,1909f56bfc062723c751e8b465ee728b)  -> (artifact id: '962837d00970272164d5d3dba150b225') in 0.011529 seconds 
  Import took 0.018771 seconds .

========================================================================
Received Import Request.
  Time since last request: 24.096900 seconds.
  path: Assets/Script/UpdateTask.cs
  artifactKey: Guid(8a60672358679094aade932e2c88bc11) Importer(815301076,1909f56bfc062723c751e8b465ee728b)
Start importing Assets/Script/UpdateTask.cs using Guid(8a60672358679094aade932e2c88bc11) Importer(815301076,1909f56bfc062723c751e8b465ee728b)  -> (artifact id: '20603e954f2a9528b05873fc95978234') in 0.003809 seconds 
  Import took 0.111327 seconds .

========================================================================
Received Import Request.
  Time since last request: 7.285554 seconds.
  path: Assets/Script/UpdateTask.cs
  artifactKey: Guid(8a60672358679094aade932e2c88bc11) Importer(815301076,1909f56bfc062723c751e8b465ee728b)
Start importing Assets/Script/UpdateTask.cs using Guid(8a60672358679094aade932e2c88bc11) Importer(815301076,1909f56bfc062723c751e8b465ee728b)  -> (artifact id: '5a7f60e4f43d69f88b3539f61fe32ed6') in 0.003436 seconds 
  Import took 0.029103 seconds .

========================================================================
Received Import Request.
  Time since last request: 1464.844055 seconds.
  path: Assets/Script/UpdateTask.cs
  artifactKey: Guid(8a60672358679094aade932e2c88bc11) Importer(815301076,1909f56bfc062723c751e8b465ee728b)
Start importing Assets/Script/UpdateTask.cs using Guid(8a60672358679094aade932e2c88bc11) Importer(815301076,1909f56bfc062723c751e8b465ee728b)  -> (artifact id: 'a51e198b8e1812b0037eb832cbe01e9d') in 0.006261 seconds 
  Import took 0.024137 seconds .

========================================================================
Received Import Request.
  Time since last request: 3.782983 seconds.
  path: Assets/Script/UpdateTask.cs
  artifactKey: Guid(8a60672358679094aade932e2c88bc11) Importer(815301076,1909f56bfc062723c751e8b465ee728b)
Start importing Assets/Script/UpdateTask.cs using Guid(8a60672358679094aade932e2c88bc11) Importer(815301076,1909f56bfc062723c751e8b465ee728b)  -> (artifact id: '170e882b597e9f35ff29e425b8d1581b') in 0.003354 seconds 
  Import took 0.031704 seconds .

========================================================================
Received Prepare
Registering precompiled user dll's ...
Registered in 2.693792 seconds.
Begin MonoManager ReloadAssembly
Native extension for WindowsStandalone target not found
Refreshing native plugins compatible for Editor in 1.21 ms, found 17 plugins.
Preloading 1 native plugins for Editor in 0.05 ms.
Warning: Annotation not found!
UnityEngine.StackTraceUtility:ExtractStackTrace ()
UnityEditor.ProBuilder.EditorUtility:SetGizmoIconEnabled (System.Type,bool) (at Library/PackageCache/com.unity.probuilder@5.0.3/Editor/EditorCore/EditorUtility.cs:575)
UnityEditor.ProBuilder.HierarchyListener:.cctor () (at Library/PackageCache/com.unity.probuilder@5.0.3/Editor/EditorCore/HierarchyListener.cs:21)
System.Runtime.CompilerServices.RuntimeHelpers:RunClassConstructor (System.RuntimeTypeHandle)
UnityEditor.EditorAssemblies:ProcessInitializeOnLoadAttributes (System.Type[])

[Library/PackageCache/com.unity.probuilder@5.0.3/Editor/EditorCore/EditorUtility.cs line 575]

Error when attempting to update scene info fields. Scene info data may be stale.
UnityEngine.StackTraceUtility:ExtractStackTrace ()
UnityEngine.DebugLogHandler:LogFormat (UnityEngine.LogType,UnityEngine.Object,string,object[])
UnityEngine.Logger:Log (UnityEngine.LogType,object)
UnityEngine.Debug:LogWarning (object)
Microsoft.MixedReality.Toolkit.Editor.SceneInfoUtils:RefreshSceneInfoFieldsInScriptableObjects () (at Library/PackageCache/com.microsoft.mixedreality.toolkit.foundation@b76a88a1e567-1639823122063/Core/Inspectors/PropertyDrawers/SceneInfoUtils.cs:313)
Microsoft.MixedReality.Toolkit.Editor.SceneInfoUtils:InitializeOnLoad () (at Library/PackageCache/com.microsoft.mixedreality.toolkit.foundation@b76a88a1e567-1639823122063/Core/Inspectors/PropertyDrawers/SceneInfoUtils.cs:231)
System.Reflection.MonoMethod:Invoke (object,System.Reflection.BindingFlags,System.Reflection.Binder,object[],System.Globalization.CultureInfo)
System.Reflection.MethodBase:Invoke (object,object[])
UnityEditor.EditorAssemblies:ProcessInitializeOnLoadMethodAttributes ()

(Filename: Library/PackageCache/com.microsoft.mixedreality.toolkit.foundation@b76a88a1e567-1639823122063/Core/Inspectors/PropertyDrawers/SceneInfoUtils.cs Line: 313)

Mono: successfully reloaded assembly
- Completed reload, in  2.072 seconds
Domain Reload Profiling:
	ReloadAssembly (2073ms)
		BeginReloadAssembly (114ms)
			ExecutionOrderSort (0ms)
			DisableScriptedObjects (4ms)
			BackupInstance (0ms)
			ReleaseScriptingObjects (0ms)
			CreateAndSetChildDomain (40ms)
		EndReloadAssembly (1909ms)
			LoadAssemblies (80ms)
			RebuildTransferFunctionScriptingTraits (0ms)
			SetupTypeCache (294ms)
			ReleaseScriptCaches (1ms)
			RebuildScriptCaches (41ms)
			SetupLoadedEditorAssemblies (1248ms)
				LogAssemblyErrors (0ms)
				InitializePlatformSupportModulesInManaged (3ms)
				SetLoadedEditorAssemblies (0ms)
				RefreshPlugins (1ms)
				BeforeProcessingInitializeOnLoad (88ms)
				ProcessInitializeOnLoadAttributes (777ms)
				ProcessInitializeOnLoadMethodAttributes (374ms)
				AfterProcessingInitializeOnLoad (4ms)
				EditorAssembliesLoaded (0ms)
			ExecutionOrderSort2 (0ms)
			AwakeInstancesAfterBackupRestoration (10ms)
Platform modules already initialized, skipping
Refreshing native plugins compatible for Editor in 1.39 ms, found 17 plugins.
Preloading 1 native plugins for Editor in 0.05 ms.
Unloading 4192 Unused Serialized files (Serialized files now loaded: 0)
System memory in use before: 185.7 MB.
System memory in use after: 185.5 MB.

Unloading 83 unused Assets to reduce memory usage. Loaded Objects now: 4716.
Total: 4.270900 ms (FindLiveObjects: 0.378400 ms CreateObjectMapping: 0.277000 ms MarkObjects: 3.382400 ms  DeleteObjects: 0.232200 ms)

AssetImportParameters requested are different than current active one (requested -> active):
  custom:framework-win-MediaFoundation: 216162199b28c13a410421893ffa2e32 -> 
  custom:video-decoder-ogg-theora: a1e56fd34408186e4bbccfd4996cb3dc -> 
  custom:container-muxer-webm: aa71ff27fc2769a1b78a27578f13a17b -> 
  custom:container-demuxer-webm: 4f35f7cbe854078d1ac9338744f61a02 -> 
  custom:container-demuxer-ogg: 62fdf1f143b41e24485cea50d1cbac27 -> 
  custom:video-encoder-webm-vp8: eb34c28f22e8b96e1ab97ce403110664 -> 
  custom:video-decoder-webm-vp8: 9c59270c3fd7afecdb556c50c9e8de78 -> 
  custom:audio-decoder-ogg-vorbis: bf7c407c2cedff20999df2af8eb42d56 -> 
  custom:audio-encoder-webm-vorbis: bf7c407c2cedff20999df2af8eb42d56 -> 
========================================================================
Received Import Request.
  Time since last request: 133.915607 seconds.
  path: Assets/Scenes/JordanScene.unity
  artifactKey: Guid(4953f8ceda36af144807f1e53d9eef5f) Importer(815301076,1909f56bfc062723c751e8b465ee728b)
Start importing Assets/Scenes/JordanScene.unity using Guid(4953f8ceda36af144807f1e53d9eef5f) Importer(815301076,1909f56bfc062723c751e8b465ee728b)  -> (artifact id: '7a4c1bc8a76e815a70af14c9bc95ff94') in 0.045410 seconds 
  Import took 0.155075 seconds .

========================================================================
Received Import Request.
  Time since last request: 65.732718 seconds.
  path: Assets/Prefab/dustpan.prefab
  artifactKey: Guid(9c4c88e179dd1c64ea168ffe8578cbc4) Importer(815301076,1909f56bfc062723c751e8b465ee728b)
Start importing Assets/Prefab/dustpan.prefab using Guid(9c4c88e179dd1c64ea168ffe8578cbc4) Importer(815301076,1909f56bfc062723c751e8b465ee728b)  -> (artifact id: '6a82e3a984da7db0b66ceeec74f3f1e8') in 0.098016 seconds 
  Import took 0.119574 seconds .

========================================================================
Received Import Request.
  Time since last request: 101.623059 seconds.
  path: Assets/Script/GameManager.cs
  artifactKey: Guid(d4577e934e5f02f4e986898e4fec8b5a) Importer(815301076,1909f56bfc062723c751e8b465ee728b)
Start importing Assets/Script/GameManager.cs using Guid(d4577e934e5f02f4e986898e4fec8b5a) Importer(815301076,1909f56bfc062723c751e8b465ee728b)  -> (artifact id: '1c452033eac552ecb5a78b69e04f00ce') in 0.012078 seconds 
  Import took 0.045862 seconds .

AssetImportWorkerClient::OnTransportError - code=2 error=End of file
